[debug] [2020-07-31T02:31:46.733Z] ----------------------------------------------------------------------
[debug] [2020-07-31T02:31:46.754Z] Command:       /usr/local/Cellar/node/14.6.0/bin/node /usr/local/bin/firebase emulators:start
[debug] [2020-07-31T02:31:46.754Z] CLI Version:   8.6.0
[debug] [2020-07-31T02:31:46.755Z] Platform:      darwin
[debug] [2020-07-31T02:31:46.755Z] Node Version:  v14.6.0
[debug] [2020-07-31T02:31:46.786Z] Time:          Thu Jul 30 2020 22:31:46 GMT-0400 (Eastern Daylight Time)
[debug] [2020-07-31T02:31:46.787Z] ----------------------------------------------------------------------
[debug] [2020-07-31T02:31:46.787Z] 
[debug] [2020-07-31T02:31:46.825Z] > command requires scopes: ["email","openid","https://www.googleapis.com/auth/cloudplatformprojects.readonly","https://www.googleapis.com/auth/firebase","https://www.googleapis.com/auth/cloud-platform"]
[debug] [2020-07-31T02:31:46.826Z] > authorizing via signed-in user
[info] i  emulators: Starting emulators: hosting {"metadata":{"emulator":{"name":"hub"},"message":"Starting emulators: hosting"}}
[debug] [2020-07-31T02:31:46.964Z] [hub] writing locator at /var/folders/58/7yc66hjd2f9gkll37t73_k5h0000gn/T/hub-bens-todo.json
[debug] [2020-07-31T02:31:46.983Z] > refreshing access token with scopes: ["email","https://www.googleapis.com/auth/cloud-platform","https://www.googleapis.com/auth/cloudplatformprojects.readonly","https://www.googleapis.com/auth/firebase","openid"]
[debug] [2020-07-31T02:31:46.984Z] >>> HTTP REQUEST POST https://www.googleapis.com/oauth2/v3/token  
 <request body omitted>
[debug] [2020-07-31T02:31:47.141Z] <<< HTTP RESPONSE 200 {"content-type":"application/json; charset=utf-8","vary":"X-Origin, Referer, Origin,Accept-Encoding","date":"Fri, 31 Jul 2020 02:31:47 GMT","server":"scaffolding on HTTPServer2","cache-control":"private","x-xss-protection":"0","x-frame-options":"SAMEORIGIN","x-content-type-options":"nosniff","alt-svc":"h3-29=\":443\"; ma=2592000,h3-27=\":443\"; ma=2592000,h3-T050=\":443\"; ma=2592000,h3-Q050=\":443\"; ma=2592000,h3-Q046=\":443\"; ma=2592000,h3-Q043=\":443\"; ma=2592000,quic=\":443\"; ma=2592000; v=\"46,43\"","accept-ranges":"none","transfer-encoding":"chunked"}
[debug] [2020-07-31T02:31:47.157Z] >>> HTTP REQUEST GET https://firebase.googleapis.com/v1beta1/projects/bens-todo/webApps/-/config  
 
[debug] [2020-07-31T02:31:47.677Z] <<< HTTP RESPONSE 200 {"content-type":"application/json; charset=UTF-8","vary":"X-Origin, Referer, Origin,Accept-Encoding","date":"Fri, 31 Jul 2020 02:31:47 GMT","server":"ESF","cache-control":"private","x-xss-protection":"0","x-frame-options":"SAMEORIGIN","x-content-type-options":"nosniff","alt-svc":"h3-29=\":443\"; ma=2592000,h3-27=\":443\"; ma=2592000,h3-T050=\":443\"; ma=2592000,h3-Q050=\":443\"; ma=2592000,h3-Q046=\":443\"; ma=2592000,h3-Q043=\":443\"; ma=2592000,quic=\":443\"; ma=2592000; v=\"46,43\"","accept-ranges":"none","transfer-encoding":"chunked"}
[info] i  hosting: Serving hosting files from: public {"metadata":{"emulator":{"name":"hosting"},"message":"Serving hosting files from: \u001b[1mpublic\u001b[22m"}}
[info] ✔  hosting: Local server: http://localhost:5000 {"metadata":{"emulator":{"name":"hosting"},"message":"Local server: \u001b[4m\u001b[1mhttp://localhost:5000\u001b[22m\u001b[24m"}}
[info] 
┌──────────────────────────────────────────────────────────────┐
│ ✔  All emulators ready! It is now safe to connect your apps. │
└──────────────────────────────────────────────────────────────┘

┌──────────┬────────────────┐
│ Emulator │ Host:Port      │
├──────────┼────────────────┤
│ Hosting  │ localhost:5000 │
└──────────┴────────────────┘
  Other reserved ports: 4400

Issues? Report them at https://github.com/firebase/firebase-tools/issues and attach the *-debug.log files.
 
[info] i  hosting: 127.0.0.1 - - [31/Jul/2020:02:32:07 +0000] "GET / HTTP/1.1" 200 5867 "-" "Mozilla/5.0 (Macintosh; Intel Mac OS X 10_15_5) AppleWebKit/537.36 (KHTML, like Gecko) Chrome/84.0.4147.105 Safari/537.36" {"metadata":{"emulator":{"name":"hosting"},"message":"127.0.0.1 - - [31/Jul/2020:02:32:07 +0000] \"GET / HTTP/1.1\" 200 5867 \"-\" \"Mozilla/5.0 (Macintosh; Intel Mac OS X 10_15_5) AppleWebKit/537.36 (KHTML, like Gecko) Chrome/84.0.4147.105 Safari/537.36\""}}
[info] i  hosting: 127.0.0.1 - - [31/Jul/2020:02:32:08 +0000] "GET /app.js HTTP/1.1" 200 2901 "http://localhost:5000/" "Mozilla/5.0 (Macintosh; Intel Mac OS X 10_15_5) AppleWebKit/537.36 (KHTML, like Gecko) Chrome/84.0.4147.105 Safari/537.36" {"metadata":{"emulator":{"name":"hosting"},"message":"127.0.0.1 - - [31/Jul/2020:02:32:08 +0000] \"GET /app.js HTTP/1.1\" 200 2901 \"http://localhost:5000/\" \"Mozilla/5.0 (Macintosh; Intel Mac OS X 10_15_5) AppleWebKit/537.36 (KHTML, like Gecko) Chrome/84.0.4147.105 Safari/537.36\""}}
[info] i  hosting: 127.0.0.1 - - [31/Jul/2020:02:32:08 +0000] "GET /favicon.ico HTTP/1.1" 200 5867 "http://localhost:5000/" "Mozilla/5.0 (Macintosh; Intel Mac OS X 10_15_5) AppleWebKit/537.36 (KHTML, like Gecko) Chrome/84.0.4147.105 Safari/537.36" {"metadata":{"emulator":{"name":"hosting"},"message":"127.0.0.1 - - [31/Jul/2020:02:32:08 +0000] \"GET /favicon.ico HTTP/1.1\" 200 5867 \"http://localhost:5000/\" \"Mozilla/5.0 (Macintosh; Intel Mac OS X 10_15_5) AppleWebKit/537.36 (KHTML, like Gecko) Chrome/84.0.4147.105 Safari/537.36\""}}
